<?xml version="1.0" encoding="UTF-8"?>
<testsuite xmlns:xsi="http://www.w3.org/2001/XMLSchema-instance" xsi:noNamespaceSchemaLocation="https://maven.apache.org/surefire/maven-surefire-plugin/xsd/surefire-test-report-3.0.xsd" version="3.0" name="com.mathfast.RaceIntegrationTest" time="75.357" tests="3" errors="0" skipped="0" failures="0">
  <properties>
[...]
</properties>
  <testcase name="testThreeWinnersTransitionsRoomToFinished" classname="com.mathfast.RaceIntegrationTest" time="41.808">
    <system-out><![CDATA[00:43:26.212 [main] INFO org.springframework.test.context.support.AnnotationConfigContextLoaderUtils -- Could not detect default configuration classes for test class [com.mathfast.RaceIntegrationTest]: RaceIntegrationTest does not declare any static, non-private, non-final, nested classes annotated with @Configuration.
00:43:26.362 [main] INFO org.springframework.boot.test.context.SpringBootTestContextBootstrapper -- Found @SpringBootConfiguration com.mathfast.MathFastApplication for test class com.mathfast.RaceIntegrationTest

  .   ____          _            __ _ _
 /\\ / ___'_ __ _ _(_)_ __  __ _ \ \ \ \
( ( )\___ | '_ | '_| | '_ \/ _` | \ \ \ \
 \\/  ___)| |_)| | | | | || (_| |  ) ) ) )
  '  |____| .__|_| |_|_| |_\__, | / / / /
 =========|_|==============|___/=/_/_/_/
 :: Spring Boot ::                (v3.2.3)

2026-05-18T00:43:27.027+03:00  INFO 31720 --- [           main] com.mathfast.RaceIntegrationTest         : Starting RaceIntegrationTest using Java 23.0.1 with PID 31720 (started by akiva in C:\Users\akiva\Documents\Intelji Apps\servers\MathFast\server)
2026-05-18T00:43:27.028+03:00  INFO 31720 --- [           main] com.mathfast.RaceIntegrationTest         : No active profile set, falling back to 1 default profile: "default"
2026-05-18T00:43:28.218+03:00  INFO 31720 --- [           main] .s.d.r.c.RepositoryConfigurationDelegate : Multiple Spring Data modules found, entering strict repository configuration mode
2026-05-18T00:43:28.221+03:00  INFO 31720 --- [           main] .s.d.r.c.RepositoryConfigurationDelegate : Bootstrapping Spring Data JPA repositories in DEFAULT mode.
2026-05-18T00:43:28.409+03:00  INFO 31720 --- [           main] .s.d.r.c.RepositoryConfigurationDelegate : Finished Spring Data repository scanning in 177 ms. Found 2 JPA repository interfaces.
2026-05-18T00:43:28.431+03:00  INFO 31720 --- [           main] .s.d.r.c.RepositoryConfigurationDelegate : Multiple Spring Data modules found, entering strict repository configuration mode
2026-05-18T00:43:28.433+03:00  INFO 31720 --- [           main] .s.d.r.c.RepositoryConfigurationDelegate : Bootstrapping Spring Data Redis repositories in DEFAULT mode.
2026-05-18T00:43:28.450+03:00  INFO 31720 --- [           main] .RepositoryConfigurationExtensionSupport : Spring Data Redis - Could not safely identify store assignment for repository candidate interface com.mathfast.repository.GameHistoryRepository; If you want this repository to be a Redis repository, consider annotating your entities with one of these annotations: org.springframework.data.redis.core.RedisHash (preferred), or consider extending one of the following types with your repository: org.springframework.data.keyvalue.repository.KeyValueRepository
2026-05-18T00:43:28.454+03:00  INFO 31720 --- [           main] .RepositoryConfigurationExtensionSupport : Spring Data Redis - Could not safely identify store assignment for repository candidate interface com.mathfast.repository.TeacherRepository; If you want this repository to be a Redis repository, consider annotating your entities with one of these annotations: org.springframework.data.redis.core.RedisHash (preferred), or consider extending one of the following types with your repository: org.springframework.data.keyvalue.repository.KeyValueRepository
2026-05-18T00:43:28.455+03:00  INFO 31720 --- [           main] .s.d.r.c.RepositoryConfigurationDelegate : Finished Spring Data repository scanning in 13 ms. Found 0 Redis repository interfaces.
2026-05-18T00:43:29.231+03:00  INFO 31720 --- [           main] o.hibernate.jpa.internal.util.LogHelper  : HHH000204: Processing PersistenceUnitInfo [name: default]
2026-05-18T00:43:29.365+03:00  INFO 31720 --- [           main] org.hibernate.Version                    : HHH000412: Hibernate ORM core version 6.4.4.Final
2026-05-18T00:43:29.432+03:00  INFO 31720 --- [           main] o.h.c.internal.RegionFactoryInitiator    : HHH000026: Second-level cache disabled
2026-05-18T00:43:29.859+03:00  INFO 31720 --- [           main] o.s.o.j.p.SpringPersistenceUnitInfo      : No LoadTimeWeaver setup: ignoring JPA class transformer
2026-05-18T00:43:29.907+03:00  INFO 31720 --- [           main] com.zaxxer.hikari.HikariDataSource       : HikariPool-1 - Starting...
2026-05-18T00:43:32.378+03:00  INFO 31720 --- [           main] com.zaxxer.hikari.pool.HikariPool        : HikariPool-1 - Added connection com.mysql.cj.jdbc.ConnectionImpl@8ee03f5
2026-05-18T00:43:32.382+03:00  INFO 31720 --- [           main] com.zaxxer.hikari.HikariDataSource       : HikariPool-1 - Start completed.
2026-05-18T00:43:32.609+03:00  WARN 31720 --- [           main] org.hibernate.orm.deprecation            : HHH90000025: MySQL8Dialect does not need to be specified explicitly using 'hibernate.dialect' (remove the property setting and it will be selected by default)
2026-05-18T00:43:32.611+03:00  WARN 31720 --- [           main] org.hibernate.orm.deprecation            : HHH90000026: MySQL8Dialect has been deprecated; use org.hibernate.dialect.MySQLDialect instead
2026-05-18T00:43:33.860+03:00  INFO 31720 --- [           main] o.h.e.t.j.p.i.JtaPlatformInitiator       : HHH000489: No JTA platform available (set 'hibernate.transaction.jta.platform' to enable JTA platform integration)
2026-05-18T00:43:35.573+03:00  INFO 31720 --- [           main] j.LocalContainerEntityManagerFactoryBean : Initialized JPA EntityManagerFactory for persistence unit 'default'
2026-05-18T00:43:35.667+03:00  WARN 31720 --- [           main] JpaBaseConfiguration$JpaWebConfiguration : spring.jpa.open-in-view is enabled by default. Therefore, database queries may be performed during view rendering. Explicitly configure spring.jpa.open-in-view to disable this warning
2026-05-18T00:43:36.961+03:00  WARN 31720 --- [           main] .s.s.UserDetailsServiceAutoConfiguration : 

Using generated security password: 246ef4ff-1219-4c07-b64a-ef3aa9590964

This generated password is for development use only. Your security configuration must be updated before running your application in production.

2026-05-18T00:43:37.111+03:00  INFO 31720 --- [           main] o.s.s.web.DefaultSecurityFilterChain     : Will secure any request with [org.springframework.security.web.session.DisableEncodeUrlFilter@3e2a8fc, org.springframework.security.web.context.request.async.WebAsyncManagerIntegrationFilter@6921ce3f, org.springframework.security.web.context.SecurityContextHolderFilter@f53db1a, org.springframework.security.web.header.HeaderWriterFilter@4cdb7fd9, org.springframework.web.filter.CorsFilter@4f1072ee, org.springframework.security.web.authentication.logout.LogoutFilter@8fd3eee, com.mathfast.config.JwtAuthenticationFilter@30bfdcc5, org.springframework.security.web.savedrequest.RequestCacheAwareFilter@42599b84, org.springframework.security.web.servletapi.SecurityContextHolderAwareRequestFilter@34986491, org.springframework.security.web.authentication.AnonymousAuthenticationFilter@7b0a69b9, org.springframework.security.web.session.SessionManagementFilter@6971c6b7, org.springframework.security.web.access.ExceptionTranslationFilter@4a5dc126, org.springframework.security.web.access.intercept.AuthorizationFilter@7c52df60]
2026-05-18T00:43:37.892+03:00  INFO 31720 --- [           main] com.mathfast.RaceIntegrationTest         : Started RaceIntegrationTest in 11.325 seconds (process running for 12.755)
Hibernate: insert into game_history (final_score,finished_at,highway_hero,is_bot,player_id,player_name,race_id,rank_position,speed_demon,id) values (?,?,?,?,?,?,?,?,?,?)
Hibernate: insert into game_history (final_score,finished_at,highway_hero,is_bot,player_id,player_name,race_id,rank_position,speed_demon,id) values (?,?,?,?,?,?,?,?,?,?)
Hibernate: insert into game_history (final_score,finished_at,highway_hero,is_bot,player_id,player_name,race_id,rank_position,speed_demon,id) values (?,?,?,?,?,?,?,?,?,?)
]]></system-out>
    <system-err><![CDATA[WARNING: A Java agent has been loaded dynamically (C:\Users\akiva\.m2\repository\net\bytebuddy\byte-buddy-agent\1.14.12\byte-buddy-agent-1.14.12.jar)
WARNING: If a serviceability tool is in use, please run with -XX:+EnableDynamicAgentLoading to hide this warning
WARNING: If a serviceability tool is not in use, please run with -Djdk.instrument.traceUsage for more information
WARNING: Dynamic loading of agents will be disallowed by default in a future release
]]></system-err>
  </testcase>
  <testcase name="testTransactionalBridgeBatchPersistence" classname="com.mathfast.RaceIntegrationTest" time="12.185">
    <system-out><![CDATA[Hibernate: select gh1_0.id,gh1_0.final_score,gh1_0.finished_at,gh1_0.highway_hero,gh1_0.is_bot,gh1_0.player_id,gh1_0.player_name,gh1_0.race_id,gh1_0.rank_position,gh1_0.speed_demon from game_history gh1_0 where gh1_0.race_id=? order by gh1_0.rank_position
Hibernate: insert into game_history (final_score,finished_at,highway_hero,is_bot,player_id,player_name,race_id,rank_position,speed_demon,id) values (?,?,?,?,?,?,?,?,?,?)
Hibernate: select gh1_0.id,gh1_0.final_score,gh1_0.finished_at,gh1_0.highway_hero,gh1_0.is_bot,gh1_0.player_id,gh1_0.player_name,gh1_0.race_id,gh1_0.rank_position,gh1_0.speed_demon from game_history gh1_0 where gh1_0.race_id=? order by gh1_0.rank_position
]]></system-out>
  </testcase>
  <testcase name="testConcurrentNonceLockingDropsDuplicatesInstantly" classname="com.mathfast.RaceIntegrationTest" time="9.407">
    <system-out><![CDATA[Hibernate: insert into game_history (final_score,finished_at,highway_hero,is_bot,player_id,player_name,race_id,rank_position,speed_demon,id) values (?,?,?,?,?,?,?,?,?,?)
]]></system-out>
  </testcase>
</testsuite>